131383 0 
0110111
lui 2 20
40010ef 4 
1101111
jal 1040 1044 1
fe010113 1044 
0010011
addi  2 2 fe0
112e23 1048 
0100011
sw  2 1 1c
812c23 104c 
0100011
sw  2 8 18
912a23 1050 
0100011
sw  2 9 14
1437 1054 
0110111
lui 8 1
1a040793 1058 
0010011
addi  f 8 1a0
7a023 105c 
0100011
sw  f 0 0
100713 1060 
0010011
addi  e 0 1
e12023 1064 
0100011
sw  2 e 0
7a223 1068 
0100011
sw  f 0 4
200713 106c 
0010011
addi  e 0 2
e12223 1070 
0100011
sw  2 e 4
7a423 1074 
0100011
sw  f 0 8
300713 1078 
0010011
addi  e 0 3
e12423 107c 
0100011
sw  2 e 8
7a623 1080 
0100011
sw  f 0 c
400793 1084 
0010011
addi  f 0 4
f12623 1088 
0100011
sw  2 f c
1a040413 108c 
0010011
addi  8 8 1a0
1040493 1090 
0010011
addi  9 8 10
42503 1094 
0000011
lw  a 8 0
f69ff0ef 1098 
1101111
jal ffffff68 1000 1
1737 1000 
0110111
lui e 1
1b072783 1004 
0000011
lw  f e 1b0
f54533 1008 
0110011
xor  a a f 4 0
ad50513 100c 
0010011
addi  a a ad
1aa72823 1010 
0100011
sw  e a 1b0
8067 1014 
1100111
jalr 0 1 0
440413 109c 
0010011
addi  8 8 4
fe941ae3 10a0 
1100011
bne  1 8 9 fffffff4
f69ff0ef 1098 
1101111
jal ffffff68 1000 1
1737 1000 
0110111
lui e 1
1b072783 1004 
0000011
lw  f e 1b0
f54533 1008 
0110011
xor  a a f 4 0
ad50513 100c 
0010011
addi  a a ad
1aa72823 1010 
0100011
sw  e a 1b0
8067 1014 
1100111
jalr 0 1 0
440413 109c 
0010011
addi  8 8 4
fe941ae3 10a0 
1100011
bne  1 8 9 fffffff4
f69ff0ef 1098 
1101111
jal ffffff68 1000 1
1737 1000 
0110111
lui e 1
1b072783 1004 
0000011
lw  f e 1b0
f54533 1008 
0110011
xor  a a f 4 0
ad50513 100c 
0010011
addi  a a ad
1aa72823 1010 
0100011
sw  e a 1b0
8067 1014 
1100111
jalr 0 1 0
440413 109c 
0010011
addi  8 8 4
fe941ae3 10a0 
1100011
bne  1 8 9 fffffff4
f69ff0ef 1098 
1101111
jal ffffff68 1000 1
1737 1000 
0110111
lui e 1
1b072783 1004 
0000011
lw  f e 1b0
f54533 1008 
0110011
xor  a a f 4 0
ad50513 100c 
0010011
addi  a a ad
1aa72823 1010 
0100011
sw  e a 1b0
8067 1014 
1100111
jalr 0 1 0
440413 109c 
0010011
addi  8 8 4
fe941ae3 10a0 
1100011
bne  1 8 9 fffffff4
100513 10a4 
0010011
addi  a 0 1
f59ff0ef 10a8 
1101111
jal ffffff58 1000 1
1737 1000 
0110111
lui e 1
1b072783 1004 
0000011
lw  f e 1b0
f54533 1008 
0110011
xor  a a f 4 0
ad50513 100c 
0010011
addi  a a ad
1aa72823 1010 
0100011
sw  e a 1b0
8067 1014 
1100111
jalr 0 1 0
200513 10ac 
0010011
addi  a 0 2
f51ff0ef 10b0 
1101111
jal ffffff50 1000 1
1737 1000 
0110111
lui e 1
1b072783 1004 
0000011
lw  f e 1b0
f54533 1008 
0110011
xor  a a f 4 0
ad50513 100c 
0010011
addi  a a ad
1aa72823 1010 
0100011
sw  e a 1b0
8067 1014 
1100111
jalr 0 1 0
300513 10b4 
0010011
addi  a 0 3
f49ff0ef 10b8 
1101111
jal ffffff48 1000 1
1737 1000 
0110111
lui e 1
1b072783 1004 
0000011
lw  f e 1b0
f54533 1008 
0110011
xor  a a f 4 0
ad50513 100c 
0010011
addi  a a ad
1aa72823 1010 
0100011
sw  e a 1b0
8067 1014 
1100111
jalr 0 1 0
400513 10bc 
0010011
addi  a 0 4
f41ff0ef 10c0 
1101111
jal ffffff40 1000 1
1737 1000 
0110111
lui e 1
1b072783 1004 
0000011
lw  f e 1b0
f54533 1008 
0110011
xor  a a f 4 0
ad50513 100c 
0010011
addi  a a ad
1aa72823 1010 
0100011
sw  e a 1b0
8067 1014 
1100111
jalr 0 1 0
fd00593 10c4 
0010011
addi  b 0 fd
17b7 10c8 
0110111
lui f 1
1b07a503 10cc 
0000011
lw  a f 1b0
9c000ef 10d0 
1101111
jal 9c 116c 1
8293 116c 
0010011
addi  5 1 0
5ca63 1170 
1100011
blt  4 b 0 14
54c63 1174 
1100011
blt  4 a 0 18
f79ff0ef 1178 
1101111
jal ffffff78 10f0 1
58613 10f0 
0010011
addi  c b 0
50593 10f4 
0010011
addi  b a 0
fff00513 10f8 
0010011
addi  a 0 fff
2060c63 10fc 
1100011
beq  0 c 0 38
100693 1100 
0010011
addi  d 0 1
b67a63 1104 
1100011
bgeu  7 c b 14
c05863 1108 
1100011
bltu  5 0 c 10
161613 110c 
0010011
slli  c c 1
169693 1110 
0010011
slli  d d 1
feb66ae3 1114 
1100011
bge  6 c b fffffff4
161613 110c 
0010011
slli  c c 1
169693 1110 
0010011
slli  d d 1
feb66ae3 1114 
1100011
bge  6 c b fffffff4
513 1118 
0010011
addi  a 0 0
c5e663 111c 
1100011
bge  6 b c c
165613 112c 
0010011
srli  c c 1
fe0696e3 1130 
1100011
bne  1 d 0 ffffffec
40c585b3 1120 
0110011
sub  b b c 0 20
d56533 1124 
0110011
or  a a d 6 0
16d693 1128 
0010011
srli  d d 1
165613 112c 
0010011
srli  c c 1
fe0696e3 1130 
1100011
bne  1 d 0 ffffffec
40c585b3 1120 
0110011
sub  b b c 0 20
d56533 1124 
0110011
or  a a d 6 0
16d693 1128 
0010011
srli  d d 1
165613 112c 
0010011
srli  c c 1
fe0696e3 1130 
1100011
bne  1 d 0 ffffffec
40c585b3 1120 
0110011
sub  b b c 0 20
d56533 1124 
0110011
or  a a d 6 0
16d693 1128 
0010011
srli  d d 1
165613 112c 
0010011
srli  c c 1
fe0696e3 1130 
1100011
bne  1 d 0 ffffffec
8067 1134 
1100111
jalr 0 1 0
58513 117c 
0010011
addi  a b 0
28067 1180 
1100111
jalr 0 5 0
1c12083 10d4 
0000011
lw  1 2 1c
1812403 10d8 
0000011
lw  8 2 18
1412483 10dc 
0000011
lw  9 2 14
2010113 10e0 
0010011
addi  2 2 20
8067 10e4 
1100111
jalr 0 1 0
f4
